Classic Timing Analyzer report for ProjetoSD
Sat Sep 29 17:21:27 2018
Quartus II Version 9.1 Build 350 03/24/2010 Service Pack 2 SJ Full Version


---------------------
; Table of Contents ;
---------------------
  1. Legal Notice
  2. Timing Analyzer Summary
  3. Timing Analyzer Settings
  4. Parallel Compilation
  5. tpd
  6. Timing Analyzer Messages



----------------
; Legal Notice ;
----------------
Copyright (C) 1991-2010 Altera Corporation
Your use of Altera Corporation's design tools, logic functions 
and other software and tools, and its AMPP partner logic 
functions, and any output files from any of the foregoing 
(including device programming or simulation files), and any 
associated documentation or information are expressly subject 
to the terms and conditions of the Altera Program License 
Subscription Agreement, Altera MegaCore Function License 
Agreement, or other applicable license agreement, including, 
without limitation, that your use is for the sole purpose of 
programming logic devices manufactured by Altera and sold by 
Altera or its authorized distributors.  Please refer to the 
applicable agreement for further details.



+------------------------------------------------------------------------------------------------------------------------------+
; Timing Analyzer Summary                                                                                                      ;
+------------------------------+-------+---------------+-------------+------+-----------+------------+----------+--------------+
; Type                         ; Slack ; Required Time ; Actual Time ; From ; To        ; From Clock ; To Clock ; Failed Paths ;
+------------------------------+-------+---------------+-------------+------+-----------+------------+----------+--------------+
; Worst-case tpd               ; N/A   ; None          ; 20.502 ns   ; B0   ; SEG2_SOMA ; --         ; --       ; 0            ;
; Total number of failed paths ;       ;               ;             ;      ;           ;            ;          ; 0            ;
+------------------------------+-------+---------------+-------------+------+-----------+------------+----------+--------------+


+-----------------------------------------------------------------------------------------------------------------------------------------------------+
; Timing Analyzer Settings                                                                                                                            ;
+------------------------------------------------------------------------------------------------------+--------------------+------+----+-------------+
; Option                                                                                               ; Setting            ; From ; To ; Entity Name ;
+------------------------------------------------------------------------------------------------------+--------------------+------+----+-------------+
; Device Name                                                                                          ; EP2C5F256C6        ;      ;    ;             ;
; Timing Models                                                                                        ; Final              ;      ;    ;             ;
; Default hold multicycle                                                                              ; Same as Multicycle ;      ;    ;             ;
; Cut paths between unrelated clock domains                                                            ; On                 ;      ;    ;             ;
; Cut off read during write signal paths                                                               ; On                 ;      ;    ;             ;
; Cut off feedback from I/O pins                                                                       ; On                 ;      ;    ;             ;
; Report Combined Fast/Slow Timing                                                                     ; Off                ;      ;    ;             ;
; Ignore Clock Settings                                                                                ; Off                ;      ;    ;             ;
; Analyze latches as synchronous elements                                                              ; On                 ;      ;    ;             ;
; Enable Recovery/Removal analysis                                                                     ; Off                ;      ;    ;             ;
; Enable Clock Latency                                                                                 ; Off                ;      ;    ;             ;
; Use TimeQuest Timing Analyzer                                                                        ; Off                ;      ;    ;             ;
; Number of source nodes to report per destination node                                                ; 10                 ;      ;    ;             ;
; Number of destination nodes to report                                                                ; 10                 ;      ;    ;             ;
; Number of paths to report                                                                            ; 200                ;      ;    ;             ;
; Report Minimum Timing Checks                                                                         ; Off                ;      ;    ;             ;
; Use Fast Timing Models                                                                               ; Off                ;      ;    ;             ;
; Report IO Paths Separately                                                                           ; Off                ;      ;    ;             ;
; Perform Multicorner Analysis                                                                         ; On                 ;      ;    ;             ;
; Reports the worst-case path for each clock domain and analysis                                       ; Off                ;      ;    ;             ;
; Reports worst-case timing paths for each clock domain and analysis                                   ; On                 ;      ;    ;             ;
; Specifies the maximum number of worst-case timing paths to report for each clock domain and analysis ; 100                ;      ;    ;             ;
; Removes common clock path pessimism (CCPP) during slack computation                                  ; Off                ;      ;    ;             ;
; Output I/O Timing Endpoint                                                                           ; Near End           ;      ;    ;             ;
+------------------------------------------------------------------------------------------------------+--------------------+------+----+-------------+


+------------------------------------------+
; Parallel Compilation                     ;
+----------------------------+-------------+
; Processors                 ; Number      ;
+----------------------------+-------------+
; Number detected on machine ; 4           ;
; Maximum allowed            ; 4           ;
;                            ;             ;
; Average used               ; 1.00        ;
; Maximum used               ; 1           ;
;                            ;             ;
; Usage by Processor         ; % Time Used ;
;     1 processor            ; 100.0%      ;
;     2-4 processors         ;   0.0%      ;
+----------------------------+-------------+


+-------------------------------------------------------------------------------------------------------------------------------------+
; tpd                                                                                                                                 ;
+-----------------------------------------+-----------------------------------------------------+-----------------+------+------------+
; Slack                                   ; Required P2P Time                                   ; Actual P2P Time ; From ; To         ;
+-----------------------------------------+-----------------------------------------------------+-----------------+------+------------+
; N/A                                     ; None                                                ; 20.502 ns       ; B0   ; SEG2_SOMA  ;
; N/A                                     ; None                                                ; 20.031 ns       ; B1   ; SEG2_SOMA  ;
; N/A                                     ; None                                                ; 19.744 ns       ; B4   ; SEG2_SOMA  ;
; N/A                                     ; None                                                ; 19.500 ns       ; B0   ; SEG6_SOMA  ;
; N/A                                     ; None                                                ; 19.340 ns       ; B0   ; SEG4_SOMA  ;
; N/A                                     ; None                                                ; 19.274 ns       ; A3   ; SEG2_SOMA  ;
; N/A                                     ; None                                                ; 19.273 ns       ; A4   ; SEG2_SOMA  ;
; N/A                                     ; None                                                ; 19.029 ns       ; B1   ; SEG6_SOMA  ;
; N/A                                     ; None                                                ; 18.967 ns       ; B3   ; SEG2_SOMA  ;
; N/A                                     ; None                                                ; 18.869 ns       ; B1   ; SEG4_SOMA  ;
; N/A                                     ; None                                                ; 18.687 ns       ; B0   ; SEG1_SOMA  ;
; N/A                                     ; None                                                ; 18.635 ns       ; B0   ; SEG3_SOMA  ;
; N/A                                     ; None                                                ; 18.582 ns       ; B4   ; SEG4_SOMA  ;
; N/A                                     ; None                                                ; 18.565 ns       ; B0   ; SEG7_SOMA  ;
; N/A                                     ; None                                                ; 18.520 ns       ; B0   ; SEG5_SOMA  ;
; N/A                                     ; None                                                ; 18.371 ns       ; B0   ; SEG13_SOMA ;
; N/A                                     ; None                                                ; 18.371 ns       ; B0   ; SEG10_SOMA ;
; N/A                                     ; None                                                ; 18.275 ns       ; A3   ; SEG6_SOMA  ;
; N/A                                     ; None                                                ; 18.216 ns       ; B1   ; SEG1_SOMA  ;
; N/A                                     ; None                                                ; 18.164 ns       ; B1   ; SEG3_SOMA  ;
; N/A                                     ; None                                                ; 18.117 ns       ; B0   ; SEG14_SOMA ;
; N/A                                     ; None                                                ; 18.115 ns       ; B0   ; SEG9_SOMA  ;
; N/A                                     ; None                                                ; 18.112 ns       ; A3   ; SEG4_SOMA  ;
; N/A                                     ; None                                                ; 18.111 ns       ; A4   ; SEG4_SOMA  ;
; N/A                                     ; None                                                ; 18.094 ns       ; B1   ; SEG7_SOMA  ;
; N/A                                     ; None                                                ; 18.092 ns       ; B0   ; SEG11_SOMA ;
; N/A                                     ; None                                                ; 18.049 ns       ; B1   ; SEG5_SOMA  ;
; N/A                                     ; None                                                ; 17.968 ns       ; B3   ; SEG6_SOMA  ;
; N/A                                     ; None                                                ; 17.966 ns       ; B4   ; SEG6_SOMA  ;
; N/A                                     ; None                                                ; 17.952 ns       ; B0   ; SEG8_SOMA  ;
; N/A                                     ; None                                                ; 17.900 ns       ; B1   ; SEG13_SOMA ;
; N/A                                     ; None                                                ; 17.900 ns       ; B1   ; SEG10_SOMA ;
; N/A                                     ; None                                                ; 17.877 ns       ; B4   ; SEG3_SOMA  ;
; N/A                                     ; None                                                ; 17.807 ns       ; B4   ; SEG7_SOMA  ;
; N/A                                     ; None                                                ; 17.805 ns       ; B3   ; SEG4_SOMA  ;
; N/A                                     ; None                                                ; 17.737 ns       ; B4   ; SEG1_SOMA  ;
; N/A                                     ; None                                                ; 17.646 ns       ; B1   ; SEG14_SOMA ;
; N/A                                     ; None                                                ; 17.644 ns       ; B1   ; SEG9_SOMA  ;
; N/A                                     ; None                                                ; 17.621 ns       ; B1   ; SEG11_SOMA ;
; N/A                                     ; None                                                ; 17.613 ns       ; B4   ; SEG13_SOMA ;
; N/A                                     ; None                                                ; 17.613 ns       ; B4   ; SEG10_SOMA ;
; N/A                                     ; None                                                ; 17.570 ns       ; B4   ; SEG5_SOMA  ;
; N/A                                     ; None                                                ; 17.517 ns       ; B0   ; LED4       ;
; N/A                                     ; None                                                ; 17.495 ns       ; A4   ; SEG6_SOMA  ;
; N/A                                     ; None                                                ; 17.481 ns       ; B1   ; SEG8_SOMA  ;
; N/A                                     ; None                                                ; 17.462 ns       ; A3   ; SEG1_SOMA  ;
; N/A                                     ; None                                                ; 17.407 ns       ; A3   ; SEG3_SOMA  ;
; N/A                                     ; None                                                ; 17.406 ns       ; A4   ; SEG3_SOMA  ;
; N/A                                     ; None                                                ; 17.359 ns       ; B4   ; SEG14_SOMA ;
; N/A                                     ; None                                                ; 17.357 ns       ; B4   ; SEG9_SOMA  ;
; N/A                                     ; None                                                ; 17.337 ns       ; A3   ; SEG7_SOMA  ;
; N/A                                     ; None                                                ; 17.336 ns       ; A4   ; SEG7_SOMA  ;
; N/A                                     ; None                                                ; 17.334 ns       ; B4   ; SEG11_SOMA ;
; N/A                                     ; None                                                ; 17.333 ns       ; B0   ; LED2       ;
; N/A                                     ; None                                                ; 17.295 ns       ; A3   ; SEG5_SOMA  ;
; N/A                                     ; None                                                ; 17.194 ns       ; B4   ; SEG8_SOMA  ;
; N/A                                     ; None                                                ; 17.155 ns       ; B3   ; SEG1_SOMA  ;
; N/A                                     ; None                                                ; 17.143 ns       ; A3   ; SEG13_SOMA ;
; N/A                                     ; None                                                ; 17.143 ns       ; A3   ; SEG10_SOMA ;
; N/A                                     ; None                                                ; 17.142 ns       ; A4   ; SEG13_SOMA ;
; N/A                                     ; None                                                ; 17.142 ns       ; A4   ; SEG10_SOMA ;
; N/A                                     ; None                                                ; 17.100 ns       ; B3   ; SEG3_SOMA  ;
; N/A                                     ; None                                                ; 17.046 ns       ; B1   ; LED4       ;
; N/A                                     ; None                                                ; 17.030 ns       ; B3   ; SEG7_SOMA  ;
; N/A                                     ; None                                                ; 16.988 ns       ; B3   ; SEG5_SOMA  ;
; N/A                                     ; None                                                ; 16.956 ns       ; B0   ; LED1       ;
; N/A                                     ; None                                                ; 16.944 ns       ; B0   ; LED3       ;
; N/A                                     ; None                                                ; 16.932 ns       ; A4   ; SEG1_SOMA  ;
; N/A                                     ; None                                                ; 16.916 ns       ; A1   ; SEG2_SOMA  ;
; N/A                                     ; None                                                ; 16.889 ns       ; A3   ; SEG14_SOMA ;
; N/A                                     ; None                                                ; 16.888 ns       ; A4   ; SEG14_SOMA ;
; N/A                                     ; None                                                ; 16.887 ns       ; A3   ; SEG9_SOMA  ;
; N/A                                     ; None                                                ; 16.886 ns       ; A4   ; SEG9_SOMA  ;
; N/A                                     ; None                                                ; 16.866 ns       ; S0   ; SEG2_SOMA  ;
; N/A                                     ; None                                                ; 16.864 ns       ; A3   ; SEG11_SOMA ;
; N/A                                     ; None                                                ; 16.863 ns       ; A4   ; SEG11_SOMA ;
; N/A                                     ; None                                                ; 16.862 ns       ; B1   ; LED2       ;
; N/A                                     ; None                                                ; 16.836 ns       ; B3   ; SEG13_SOMA ;
; N/A                                     ; None                                                ; 16.836 ns       ; B3   ; SEG10_SOMA ;
; N/A                                     ; None                                                ; 16.765 ns       ; A4   ; SEG5_SOMA  ;
; N/A                                     ; None                                                ; 16.759 ns       ; B4   ; LED4       ;
; N/A                                     ; None                                                ; 16.724 ns       ; A3   ; SEG8_SOMA  ;
; N/A                                     ; None                                                ; 16.723 ns       ; A4   ; SEG8_SOMA  ;
; N/A                                     ; None                                                ; 16.597 ns       ; A0   ; SEG2_SOMA  ;
; N/A                                     ; None                                                ; 16.582 ns       ; B3   ; SEG14_SOMA ;
; N/A                                     ; None                                                ; 16.580 ns       ; B3   ; SEG9_SOMA  ;
; N/A                                     ; None                                                ; 16.557 ns       ; B3   ; SEG11_SOMA ;
; N/A                                     ; None                                                ; 16.485 ns       ; B1   ; LED1       ;
; N/A                                     ; None                                                ; 16.473 ns       ; B1   ; LED3       ;
; N/A                                     ; None                                                ; 16.417 ns       ; B3   ; SEG8_SOMA  ;
; N/A                                     ; None                                                ; 16.289 ns       ; A3   ; LED4       ;
; N/A                                     ; None                                                ; 16.288 ns       ; A4   ; LED4       ;
; N/A                                     ; None                                                ; 16.169 ns       ; A2   ; SEG2_SOMA  ;
; N/A                                     ; None                                                ; 16.108 ns       ; A3   ; LED2       ;
; N/A                                     ; None                                                ; 16.008 ns       ; B2   ; SEG2_SOMA  ;
; N/A                                     ; None                                                ; 15.994 ns       ; B4   ; LED3       ;
; N/A                                     ; None                                                ; 15.982 ns       ; B3   ; LED4       ;
; N/A                                     ; None                                                ; 15.914 ns       ; A1   ; SEG6_SOMA  ;
; N/A                                     ; None                                                ; 15.801 ns       ; B3   ; LED2       ;
; N/A                                     ; None                                                ; 15.754 ns       ; A1   ; SEG4_SOMA  ;
; N/A                                     ; None                                                ; 15.731 ns       ; A3   ; LED1       ;
; N/A                                     ; None                                                ; 15.719 ns       ; A3   ; LED3       ;
; N/A                                     ; None                                                ; 15.704 ns       ; S0   ; SEG4_SOMA  ;
; N/A                                     ; None                                                ; 15.595 ns       ; A0   ; SEG6_SOMA  ;
; N/A                                     ; None                                                ; 15.511 ns       ; B4   ; LED2       ;
; N/A                                     ; None                                                ; 15.494 ns       ; A4   ; LED3       ;
; N/A                                     ; None                                                ; 15.435 ns       ; A0   ; SEG4_SOMA  ;
; N/A                                     ; None                                                ; 15.424 ns       ; B3   ; LED1       ;
; N/A                                     ; None                                                ; 15.412 ns       ; B3   ; LED3       ;
; N/A                                     ; None                                                ; 15.173 ns       ; B4   ; LED1       ;
; N/A                                     ; None                                                ; 15.101 ns       ; A1   ; SEG1_SOMA  ;
; N/A                                     ; None                                                ; 15.088 ns       ; S0   ; SEG6_SOMA  ;
; N/A                                     ; None                                                ; 15.049 ns       ; A1   ; SEG3_SOMA  ;
; N/A                                     ; None                                                ; 15.007 ns       ; A2   ; SEG4_SOMA  ;
; N/A                                     ; None                                                ; 14.999 ns       ; S0   ; SEG3_SOMA  ;
; N/A                                     ; None                                                ; 14.979 ns       ; A1   ; SEG7_SOMA  ;
; N/A                                     ; None                                                ; 14.937 ns       ; B2   ; SEG6_SOMA  ;
; N/A                                     ; None                                                ; 14.934 ns       ; A1   ; SEG5_SOMA  ;
; N/A                                     ; None                                                ; 14.929 ns       ; S0   ; SEG7_SOMA  ;
; N/A                                     ; None                                                ; 14.909 ns       ; S2   ; SEG2_SOMA  ;
; N/A                                     ; None                                                ; 14.859 ns       ; S1   ; SEG2_SOMA  ;
; N/A                                     ; None                                                ; 14.838 ns       ; B2   ; SEG4_SOMA  ;
; N/A                                     ; None                                                ; 14.785 ns       ; A1   ; SEG13_SOMA ;
; N/A                                     ; None                                                ; 14.785 ns       ; A1   ; SEG10_SOMA ;
; N/A                                     ; None                                                ; 14.782 ns       ; A0   ; SEG1_SOMA  ;
; N/A                                     ; None                                                ; 14.739 ns       ; A2   ; SEG6_SOMA  ;
; N/A                                     ; None                                                ; 14.735 ns       ; S0   ; SEG13_SOMA ;
; N/A                                     ; None                                                ; 14.735 ns       ; S0   ; SEG10_SOMA ;
; N/A                                     ; None                                                ; 14.730 ns       ; A0   ; SEG3_SOMA  ;
; N/A                                     ; None                                                ; 14.706 ns       ; A4   ; LED2       ;
; N/A                                     ; None                                                ; 14.660 ns       ; A0   ; SEG7_SOMA  ;
; N/A                                     ; None                                                ; 14.615 ns       ; A0   ; SEG5_SOMA  ;
; N/A                                     ; None                                                ; 14.561 ns       ; S0   ; SEG1_SOMA  ;
; N/A                                     ; None                                                ; 14.531 ns       ; A1   ; SEG14_SOMA ;
; N/A                                     ; None                                                ; 14.529 ns       ; A1   ; SEG9_SOMA  ;
; N/A                                     ; None                                                ; 14.506 ns       ; A1   ; SEG11_SOMA ;
; N/A                                     ; None                                                ; 14.494 ns       ; A4   ; LED1       ;
; N/A                                     ; None                                                ; 14.481 ns       ; S0   ; SEG14_SOMA ;
; N/A                                     ; None                                                ; 14.479 ns       ; S0   ; SEG9_SOMA  ;
; N/A                                     ; None                                                ; 14.466 ns       ; A0   ; SEG13_SOMA ;
; N/A                                     ; None                                                ; 14.466 ns       ; A0   ; SEG10_SOMA ;
; N/A                                     ; None                                                ; 14.456 ns       ; S0   ; SEG11_SOMA ;
; N/A                                     ; None                                                ; 14.394 ns       ; S0   ; SEG5_SOMA  ;
; N/A                                     ; None                                                ; 14.366 ns       ; A1   ; SEG8_SOMA  ;
; N/A                                     ; None                                                ; 14.332 ns       ; S2   ; SEG6_SOMA  ;
; N/A                                     ; None                                                ; 14.321 ns       ; B2   ; SEG1_SOMA  ;
; N/A                                     ; None                                                ; 14.316 ns       ; S0   ; SEG8_SOMA  ;
; N/A                                     ; None                                                ; 14.302 ns       ; A2   ; SEG3_SOMA  ;
; N/A                                     ; None                                                ; 14.282 ns       ; S1   ; SEG6_SOMA  ;
; N/A                                     ; None                                                ; 14.232 ns       ; A2   ; SEG7_SOMA  ;
; N/A                                     ; None                                                ; 14.212 ns       ; A0   ; SEG14_SOMA ;
; N/A                                     ; None                                                ; 14.210 ns       ; A0   ; SEG9_SOMA  ;
; N/A                                     ; None                                                ; 14.187 ns       ; A0   ; SEG11_SOMA ;
; N/A                                     ; None                                                ; 14.154 ns       ; B2   ; SEG5_SOMA  ;
; N/A                                     ; None                                                ; 14.132 ns       ; B2   ; SEG3_SOMA  ;
; N/A                                     ; None                                                ; 14.075 ns       ; B2   ; SEG7_SOMA  ;
; N/A                                     ; None                                                ; 14.047 ns       ; A0   ; SEG8_SOMA  ;
; N/A                                     ; None                                                ; 14.038 ns       ; A2   ; SEG13_SOMA ;
; N/A                                     ; None                                                ; 14.038 ns       ; A2   ; SEG10_SOMA ;
; N/A                                     ; None                                                ; 13.931 ns       ; A1   ; LED4       ;
; N/A                                     ; None                                                ; 13.926 ns       ; A2   ; SEG1_SOMA  ;
; N/A                                     ; None                                                ; 13.902 ns       ; B0   ; LED_SINAL  ;
; N/A                                     ; None                                                ; 13.881 ns       ; S0   ; LED4       ;
; N/A                                     ; None                                                ; 13.880 ns       ; B2   ; SEG13_SOMA ;
; N/A                                     ; None                                                ; 13.880 ns       ; B2   ; SEG10_SOMA ;
; N/A                                     ; None                                                ; 13.784 ns       ; A2   ; SEG14_SOMA ;
; N/A                                     ; None                                                ; 13.782 ns       ; A2   ; SEG9_SOMA  ;
; N/A                                     ; None                                                ; 13.759 ns       ; A2   ; SEG11_SOMA ;
; N/A                                     ; None                                                ; 13.759 ns       ; A2   ; SEG5_SOMA  ;
; N/A                                     ; None                                                ; 13.747 ns       ; S2   ; SEG4_SOMA  ;
; N/A                                     ; None                                                ; 13.747 ns       ; A1   ; LED2       ;
; N/A                                     ; None                                                ; 13.697 ns       ; S1   ; SEG4_SOMA  ;
; N/A                                     ; None                                                ; 13.630 ns       ; B2   ; SEG9_SOMA  ;
; N/A                                     ; None                                                ; 13.626 ns       ; B2   ; SEG14_SOMA ;
; N/A                                     ; None                                                ; 13.619 ns       ; A2   ; SEG8_SOMA  ;
; N/A                                     ; None                                                ; 13.612 ns       ; A0   ; LED4       ;
; N/A                                     ; None                                                ; 13.608 ns       ; B2   ; SEG11_SOMA ;
; N/A                                     ; None                                                ; 13.498 ns       ; B2   ; SEG8_SOMA  ;
; N/A                                     ; None                                                ; 13.431 ns       ; B1   ; LED_SINAL  ;
; N/A                                     ; None                                                ; 13.428 ns       ; A0   ; LED2       ;
; N/A                                     ; None                                                ; 13.370 ns       ; A1   ; LED1       ;
; N/A                                     ; None                                                ; 13.369 ns       ; S0   ; LED3       ;
; N/A                                     ; None                                                ; 13.358 ns       ; A1   ; LED3       ;
; N/A                                     ; None                                                ; 13.241 ns       ; S0   ; LED1       ;
; N/A                                     ; None                                                ; 13.227 ns       ; S2   ; SEG1_SOMA  ;
; N/A                                     ; None                                                ; 13.184 ns       ; A2   ; LED4       ;
; N/A                                     ; None                                                ; 13.177 ns       ; S1   ; SEG1_SOMA  ;
; N/A                                     ; None                                                ; 13.051 ns       ; A0   ; LED1       ;
; N/A                                     ; None                                                ; 13.045 ns       ; S2   ; SEG5_SOMA  ;
; N/A                                     ; None                                                ; 13.042 ns       ; S2   ; SEG3_SOMA  ;
; N/A                                     ; None                                                ; 13.039 ns       ; A0   ; LED3       ;
; N/A                                     ; None                                                ; 13.014 ns       ; B2   ; LED4       ;
; N/A                                     ; None                                                ; 12.995 ns       ; S1   ; SEG5_SOMA  ;
; N/A                                     ; None                                                ; 12.992 ns       ; S1   ; SEG3_SOMA  ;
; N/A                                     ; None                                                ; 12.972 ns       ; S2   ; SEG7_SOMA  ;
; N/A                                     ; None                                                ; 12.963 ns       ; B4   ; LED_Logico ;
; N/A                                     ; None                                                ; 12.922 ns       ; S1   ; SEG7_SOMA  ;
; N/A                                     ; None                                                ; 12.904 ns       ; A3   ; LED_Logico ;
; N/A                                     ; None                                                ; 12.869 ns       ; S2   ; LED3       ;
; N/A                                     ; None                                                ; 12.825 ns       ; B0   ; LED_Logico ;
; Timing analysis restricted to 200 rows. ; To change the limit use Settings (Assignments menu) ;                 ;      ;            ;
+-----------------------------------------+-----------------------------------------------------+-----------------+------+------------+


+--------------------------+
; Timing Analyzer Messages ;
+--------------------------+
Info: *******************************************************************
Info: Running Quartus II Classic Timing Analyzer
    Info: Version 9.1 Build 350 03/24/2010 Service Pack 2 SJ Full Version
    Info: Processing started: Sat Sep 29 17:21:27 2018
Info: Command: quartus_tan --read_settings_files=off --write_settings_files=off ProjetoSD -c ProjetoSD --timing_analysis_only
Info: Parallel compilation is enabled and will use 4 of the 4 processors detected
Info: Longest tpd from source pin "B0" to destination pin "SEG2_SOMA" is 20.502 ns
    Info: 1: + IC(0.000 ns) + CELL(0.822 ns) = 0.822 ns; Loc. = PIN_H13; Fanout = 26; PIN Node = 'B0'
    Info: 2: + IC(5.235 ns) + CELL(0.420 ns) = 6.477 ns; Loc. = LCCOMB_X19_Y12_N0; Fanout = 1; COMB Node = 'A_Subtracao_B:inst7|A_Soma_B:inst|A_Maior_B:inst1|inst30~0'
    Info: 3: + IC(1.217 ns) + CELL(0.150 ns) = 7.844 ns; Loc. = LCCOMB_X13_Y11_N16; Fanout = 1; COMB Node = 'A_Subtracao_B:inst7|A_Soma_B:inst|A_Maior_B:inst1|inst30~1'
    Info: 4: + IC(0.256 ns) + CELL(0.275 ns) = 8.375 ns; Loc. = LCCOMB_X13_Y11_N26; Fanout = 2; COMB Node = 'A_Subtracao_B:inst7|A_Soma_B:inst|A_Maior_B:inst1|inst30~2'
    Info: 5: + IC(0.978 ns) + CELL(0.420 ns) = 9.773 ns; Loc. = LCCOMB_X20_Y11_N26; Fanout = 6; COMB Node = 'A_Soma_B:inst6|inst9~0'
    Info: 6: + IC(0.281 ns) + CELL(0.150 ns) = 10.204 ns; Loc. = LCCOMB_X20_Y11_N10; Fanout = 4; COMB Node = 'Selec_Display:inst16|inst11~1'
    Info: 7: + IC(0.498 ns) + CELL(0.415 ns) = 11.117 ns; Loc. = LCCOMB_X19_Y11_N28; Fanout = 1; COMB Node = 'Selec_Display:inst17|inst11~4'
    Info: 8: + IC(0.250 ns) + CELL(0.416 ns) = 11.783 ns; Loc. = LCCOMB_X19_Y11_N6; Fanout = 1; COMB Node = 'Selec_Display:inst17|inst11~5'
    Info: 9: + IC(0.674 ns) + CELL(0.420 ns) = 12.877 ns; Loc. = LCCOMB_X17_Y11_N0; Fanout = 13; COMB Node = 'Selec_Display:inst17|inst11~9'
    Info: 10: + IC(1.243 ns) + CELL(0.275 ns) = 14.395 ns; Loc. = LCCOMB_X10_Y12_N12; Fanout = 1; COMB Node = 'Display_Total:inst44|Display_Unidades:inst|Seg2:inst1|inst12~0'
    Info: 11: + IC(1.006 ns) + CELL(0.245 ns) = 15.646 ns; Loc. = LCCOMB_X14_Y11_N30; Fanout = 1; COMB Node = 'Display_Total:inst44|Display_Unidades:inst|Seg2:inst1|inst12~1'
    Info: 12: + IC(2.078 ns) + CELL(2.778 ns) = 20.502 ns; Loc. = PIN_T9; Fanout = 0; PIN Node = 'SEG2_SOMA'
    Info: Total cell delay = 6.786 ns ( 33.10 % )
    Info: Total interconnect delay = 13.716 ns ( 66.90 % )
Info: Quartus II Classic Timing Analyzer was successful. 0 errors, 0 warnings
    Info: Peak virtual memory: 201 megabytes
    Info: Processing ended: Sat Sep 29 17:21:27 2018
    Info: Elapsed time: 00:00:00
    Info: Total CPU time (on all processors): 00:00:00


